[18-Jan-2021 06:17:13 UTC] PHP Warning:  include_once(C:\wamp\www\pezani\app\views\header.php): failed to open stream: No such file or directory in C:\wamp\www\pezani\app\layouts\custom.php on line 16
[18-Jan-2021 06:17:13 UTC] PHP Stack trace:
[18-Jan-2021 06:17:13 UTC] PHP   1. {main}() C:\wamp\www\pezani\index.php:0
[18-Jan-2021 06:17:13 UTC] PHP   2. run_application() C:\wamp\www\pezani\index.php:18
[18-Jan-2021 06:17:13 UTC] PHP   3. Core\App->__construct() C:\wamp\www\pezani\core\Func.php:21
[18-Jan-2021 06:17:13 UTC] PHP   4. Core\App->initiate_application() C:\wamp\www\pezani\core\App.php:21
[18-Jan-2021 06:17:13 UTC] PHP   5. call_user_func_array:{C:\wamp\www\pezani\core\App.php:46}() C:\wamp\www\pezani\core\App.php:46
[18-Jan-2021 06:17:13 UTC] PHP   6. App\Routers\HomeRouter->index() C:\wamp\www\pezani\core\App.php:46
[18-Jan-2021 06:17:13 UTC] PHP   7. Core\View->page() C:\wamp\www\pezani\app\routers\HomeRouter.php:10
[18-Jan-2021 06:17:13 UTC] PHP   8. include() C:\wamp\www\pezani\core\View.php:19
[18-Jan-2021 06:17:13 UTC] PHP Warning:  include_once(): Failed opening 'C:\wamp\www\pezani\app\views\header.php' for inclusion (include_path='.;C:\php\pear') in C:\wamp\www\pezani\app\layouts\custom.php on line 16
[18-Jan-2021 06:17:13 UTC] PHP Stack trace:
[18-Jan-2021 06:17:13 UTC] PHP   1. {main}() C:\wamp\www\pezani\index.php:0
[18-Jan-2021 06:17:13 UTC] PHP   2. run_application() C:\wamp\www\pezani\index.php:18
[18-Jan-2021 06:17:13 UTC] PHP   3. Core\App->__construct() C:\wamp\www\pezani\core\Func.php:21
[18-Jan-2021 06:17:13 UTC] PHP   4. Core\App->initiate_application() C:\wamp\www\pezani\core\App.php:21
[18-Jan-2021 06:17:13 UTC] PHP   5. call_user_func_array:{C:\wamp\www\pezani\core\App.php:46}() C:\wamp\www\pezani\core\App.php:46
[18-Jan-2021 06:17:13 UTC] PHP   6. App\Routers\HomeRouter->index() C:\wamp\www\pezani\core\App.php:46
[18-Jan-2021 06:17:14 UTC] PHP   7. Core\View->page() C:\wamp\www\pezani\app\routers\HomeRouter.php:10
[18-Jan-2021 06:17:14 UTC] PHP   8. include() C:\wamp\www\pezani\core\View.php:19
